# JRE version: OpenJDK Runtime Environment (17.0.6) (build 17.0.6+0-b2043.56-10027231)
# Java VM: OpenJDK 64-Bit Server VM (17.0.6+0-b2043.56-10027231, mixed mode, tiered, compressed oops, compressed class ptrs, g1 gc, windows-amd64)
GC Precious Log:
 CPUs: 4 total, 4 available
 Memory: 8073M
 Large Page Support: Disabled
 NUMA Support: Disabled
 Compressed Oops: Enabled (32-bit)
 Heap Region Size: 1M
 Heap Min Capacity: 8M
 Heap Initial Capacity: 128M
 Heap Max Capacity: 2G
 Pre-touch: Disabled
 Parallel Workers: 4
 Concurrent Workers: 1
 Concurrent Refinement Workers: 4
 Periodic GC: Disabled
Heap:
 garbage-first heap   total 506880K, used 207252K [0x0000000080000000, 0x0000000100000000)
  region size 1024K, 24 young (24576K), 24 survivors (24576K)
 Metaspace       used 155958K, committed 157184K, reserved 1187840K
  class space    used 20325K, committed 20928K, reserved 1048576K
GC Heap History (20 events):
Event: 2498.198 GC heap after
{Heap after GC invocations=78 (full 0):
 garbage-first heap   total 425984K, used 187334K [0x0000000080000000, 0x0000000100000000)
  region size 1024K, 1 young (1024K), 1 survivors (1024K)
 Metaspace       used 150689K, committed 151616K, reserved 1187840K
  class space    used 19737K, committed 20160K, reserved 1048576K
}
Event: 2499.554 GC heap before
{Heap before GC invocations=78 (full 0):
 garbage-first heap   total 425984K, used 350150K [0x0000000080000000, 0x0000000100000000)
  region size 1024K, 161 young (164864K), 1 survivors (1024K)
 Metaspace       used 151034K, committed 151936K, reserved 1187840K
  class space    used 19759K, committed 20160K, reserved 1048576K
}
Event: 2499.574 GC heap after
{Heap after GC invocations=79 (full 0):
 garbage-first heap   total 425984K, used 188911K [0x0000000080000000, 0x0000000100000000)
  region size 1024K, 3 young (3072K), 3 survivors (3072K)
 Metaspace       used 151034K, committed 151936K, reserved 1187840K
  class space    used 19759K, committed 20160K, reserved 1048576K
}
Event: 2502.622 GC heap before
{Heap before GC invocations=80 (full 0):
 garbage-first heap   total 506880K, used 348655K [0x0000000080000000, 0x0000000100000000)
  region size 1024K, 160 young (163840K), 3 survivors (3072K)
 Metaspace       used 151125K, committed 152000K, reserved 1187840K
  class space    used 19760K, committed 20160K, reserved 1048576K
}
Event: 2502.643 GC heap after
{Heap after GC invocations=81 (full 0):
 garbage-first heap   total 506880K, used 190022K [0x0000000080000000, 0x0000000100000000)
  region size 1024K, 4 young (4096K), 4 survivors (4096K)
 Metaspace       used 151125K, committed 152000K, reserved 1187840K
  class space    used 19760K, committed 20160K, reserved 1048576K
}
Event: 2502.885 GC heap before
{Heap before GC invocations=81 (full 0):
 garbage-first heap   total 506880K, used 209478K [0x0000000080000000, 0x0000000100000000)
  region size 1024K, 24 young (24576K), 4 survivors (4096K)
 Metaspace       used 151171K, committed 152064K, reserved 1187840K
  class space    used 19763K, committed 20160K, reserved 1048576K
}
Event: 2502.927 GC heap after
{Heap after GC invocations=82 (full 0):
 garbage-first heap   total 506880K, used 188146K [0x0000000080000000, 0x0000000100000000)
  region size 1024K, 2 young (2048K), 2 survivors (2048K)
 Metaspace       used 151171K, committed 152064K, reserved 1187840K
  class space    used 19763K, committed 20160K, reserved 1048576K
}
Event: 2504.856 GC heap before
{Heap before GC invocations=82 (full 0):
 garbage-first heap   total 506880K, used 383730K [0x0000000080000000, 0x0000000100000000)
  region size 1024K, 195 young (199680K), 2 survivors (2048K)
 Metaspace       used 151465K, committed 152384K, reserved 1187840K
  class space    used 19790K, committed 20224K, reserved 1048576K
}
Event: 2504.875 GC heap after
{Heap after GC invocations=83 (full 0):
 garbage-first heap   total 506880K, used 194391K [0x0000000080000000, 0x0000000100000000)
  region size 1024K, 8 young (8192K), 8 survivors (8192K)
 Metaspace       used 151465K, committed 152384K, reserved 1187840K
  class space    used 19790K, committed 20224K, reserved 1048576K
}
Event: 2507.074 GC heap before
{Heap before GC invocations=84 (full 0):
 garbage-first heap   total 506880K, used 434007K [0x0000000080000000, 0x0000000100000000)
  region size 1024K, 241 young (246784K), 8 survivors (8192K)
 Metaspace       used 151551K, committed 152448K, reserved 1187840K
  class space    used 19800K, committed 20224K, reserved 1048576K
}
Event: 2507.094 GC heap after
{Heap after GC invocations=85 (full 0):
 garbage-first heap   total 506880K, used 192474K [0x0000000080000000, 0x0000000100000000)
  region size 1024K, 6 young (6144K), 6 survivors (6144K)
 Metaspace       used 151551K, committed 152448K, reserved 1187840K
  class space    used 19800K, committed 20224K, reserved 1048576K
}
Event: 2507.194 GC heap before
{Heap before GC invocations=85 (full 0):
 garbage-first heap   total 506880K, used 209882K [0x0000000080000000, 0x0000000100000000)
  region size 1024K, 24 young (24576K), 6 survivors (6144K)
 Metaspace       used 151551K, committed 152448K, reserved 1187840K
  class space    used 19800K, committed 20224K, reserved 1048576K
}
Event: 2507.236 GC heap after
{Heap after GC invocations=86 (full 0):
 garbage-first heap   total 506880K, used 189252K [0x0000000080000000, 0x0000000100000000)
  region size 1024K, 2 young (2048K), 2 survivors (2048K)
 Metaspace       used 151551K, committed 152448K, reserved 1187840K
  class space    used 19800K, committed 20224K, reserved 1048576K
}
Event: 2509.514 GC heap before
{Heap before GC invocations=86 (full 0):
 garbage-first heap   total 506880K, used 398148K [0x0000000080000000, 0x0000000100000000)
  region size 1024K, 207 young (211968K), 2 survivors (2048K)
 Metaspace       used 151601K, committed 152512K, reserved 1187840K
  class space    used 19800K, committed 20224K, reserved 1048576K
}
Event: 2509.526 GC heap after
{Heap after GC invocations=87 (full 0):
 garbage-first heap   total 506880K, used 190612K [0x0000000080000000, 0x0000000100000000)
  region size 1024K, 4 young (4096K), 4 survivors (4096K)
 Metaspace       used 151601K, committed 152512K, reserved 1187840K
  class space    used 19800K, committed 20224K, reserved 1048576K
}
Event: 2759.036 GC heap before
{Heap before GC invocations=88 (full 0):
 garbage-first heap   total 506880K, used 445588K [0x0000000080000000, 0x0000000100000000)
  region size 1024K, 247 young (252928K), 4 survivors (4096K)
 Metaspace       used 153623K, committed 154624K, reserved 1187840K
  class space    used 20036K, committed 20544K, reserved 1048576K
}
Event: 2759.056 GC heap after
{Heap after GC invocations=89 (full 0):
 garbage-first heap   total 506880K, used 189658K [0x0000000080000000, 0x0000000100000000)
  region size 1024K, 3 young (3072K), 3 survivors (3072K)
 Metaspace       used 153623K, committed 154624K, reserved 1187840K
  class space    used 20036K, committed 20544K, reserved 1048576K
}
Event: 2759.668 GC heap before
{Heap before GC invocations=89 (full 0):
 garbage-first heap   total 506880K, used 210138K [0x0000000080000000, 0x0000000100000000)
  region size 1024K, 24 young (24576K), 3 survivors (3072K)
 Metaspace       used 153659K, committed 154624K, reserved 1187840K
  class space    used 20036K, committed 20544K, reserved 1048576K
}
Event: 2759.696 GC heap after
{Heap after GC invocations=90 (full 0):
 garbage-first heap   total 506880K, used 185790K [0x0000000080000000, 0x0000000100000000)
  region size 1024K, 3 young (3072K), 3 survivors (3072K)
 Metaspace       used 153659K, committed 154624K, reserved 1187840K
  class space    used 20036K, committed 20544K, reserved 1048576K
}
Event: 2788.084 GC heap before
{Heap before GC invocations=90 (full 0):
 garbage-first heap   total 506880K, used 438718K [0x0000000080000000, 0x0000000100000000)
  region size 1024K, 251 young (257024K), 3 survivors (3072K)
 Metaspace       used 155958K, committed 157184K, reserved 1187840K
  class space    used 20325K, committed 20928K, reserved 1048576K
}

